Using pre-set license
Built from '2020.3/staging' branch; Version is '2020.3.20f1 (41c4e627c95f) revision 4310246'; Using compiler version '192528614'; Build Type 'Release'
OS: 'Windows 10 Pro; OS build 19044.1387; Version 2009; 64bit' Language: 'en' Physical Memory: 4011 MB
BatchMode: 1, IsHumanControllingUs: 0, StartBugReporterOnCrash: 0, Is64bit: 1, IsPro: 0

COMMAND LINE ARGUMENTS:
C:\Program Files\Unity\Hub\Editor\2020.3.20f1\Editor\Unity.exe
-adb2
-batchMode
-noUpm
-name
AssetImportWorker0
-projectPath
C:/Project/Planet Generator/Planet Generator
-logFile
Logs/AssetImportWorker0.log
-srvPort
1037
Successfully changed project path to: C:/Project/Planet Generator/Planet Generator
C:/Project/Planet Generator/Planet Generator
Using Asset Import Pipeline V2.
Refreshing native plugins compatible for Editor in 96.57 ms, found 2 plugins.
Preloading 0 native plugins for Editor in 0.00 ms.
Initialize engine version: 2020.3.20f1 (41c4e627c95f)
[Subsystems] Discovering subsystems at path C:/Program Files/Unity/Hub/Editor/2020.3.20f1/Editor/Data/Resources/UnitySubsystems
[Subsystems] Discovering subsystems at path C:/Project/Planet Generator/Planet Generator/Assets
GfxDevice: creating device client; threaded=0
Direct3D:
    Version:  Direct3D 11.0 [level 11.1]
    Renderer: AMD Radeon(TM) R7 M440 (ID=0x6900)
    Vendor:   
    VRAM:     4087 MB
    Driver:   22.19.128.5
Initialize mono
Mono path[0] = 'C:/Program Files/Unity/Hub/Editor/2020.3.20f1/Editor/Data/Managed'
Mono path[1] = 'C:/Program Files/Unity/Hub/Editor/2020.3.20f1/Editor/Data/MonoBleedingEdge/lib/mono/unityjit'
Mono config path = 'C:/Program Files/Unity/Hub/Editor/2020.3.20f1/Editor/Data/MonoBleedingEdge/etc'
Using monoOptions --debugger-agent=transport=dt_socket,embedding=1,server=y,suspend=n,address=127.0.0.1:56060
Begin MonoManager ReloadAssembly
Registering precompiled unity dll's ...
Register platform support module: C:/Program Files/Unity/Hub/Editor/2020.3.20f1/Editor/Data/PlaybackEngines/WindowsStandaloneSupport/UnityEditor.WindowsStandalone.Extensions.dll
Registered in 0.004023 seconds.
Native extension for WindowsStandalone target not found
Refreshing native plugins compatible for Editor in 104.22 ms, found 2 plugins.
Preloading 0 native plugins for Editor in 0.00 ms.
Mono: successfully reloaded assembly
- Completed reload, in  3.329 seconds
Domain Reload Profiling:
	ReloadAssembly (3329ms)
		BeginReloadAssembly (97ms)
			ExecutionOrderSort (0ms)
			DisableScriptedObjects (0ms)
			BackupInstance (0ms)
			ReleaseScriptingObjects (0ms)
			CreateAndSetChildDomain (2ms)
		EndReloadAssembly (960ms)
			LoadAssemblies (94ms)
			RebuildTransferFunctionScriptingTraits (0ms)
			SetupTypeCache (377ms)
			ReleaseScriptCaches (0ms)
			RebuildScriptCaches (55ms)
			SetupLoadedEditorAssemblies (378ms)
				LogAssemblyErrors (0ms)
				InitializePlatformSupportModulesInManaged (8ms)
				SetLoadedEditorAssemblies (0ms)
				RefreshPlugins (104ms)
				BeforeProcessingInitializeOnLoad (36ms)
				ProcessInitializeOnLoadAttributes (174ms)
				ProcessInitializeOnLoadMethodAttributes (54ms)
				AfterProcessingInitializeOnLoad (0ms)
				EditorAssembliesLoaded (0ms)
			ExecutionOrderSort2 (0ms)
			AwakeInstancesAfterBackupRestoration (0ms)
Platform modules already initialized, skipping
Registering precompiled user dll's ...
Registered in 0.014685 seconds.
Begin MonoManager ReloadAssembly
Native extension for WindowsStandalone target not found
Refreshing native plugins compatible for Editor in 106.15 ms, found 2 plugins.
Preloading 0 native plugins for Editor in 0.00 ms.
Mono: successfully reloaded assembly
- Completed reload, in  2.397 seconds
Domain Reload Profiling:
	ReloadAssembly (2398ms)
		BeginReloadAssembly (292ms)
			ExecutionOrderSort (0ms)
			DisableScriptedObjects (6ms)
			BackupInstance (0ms)
			ReleaseScriptingObjects (0ms)
			CreateAndSetChildDomain (48ms)
		EndReloadAssembly (1968ms)
			LoadAssemblies (303ms)
			RebuildTransferFunctionScriptingTraits (0ms)
			SetupTypeCache (616ms)
			ReleaseScriptCaches (1ms)
			RebuildScriptCaches (92ms)
			SetupLoadedEditorAssemblies (690ms)
				LogAssemblyErrors (0ms)
				InitializePlatformSupportModulesInManaged (11ms)
				SetLoadedEditorAssemblies (0ms)
				RefreshPlugins (106ms)
				BeforeProcessingInitializeOnLoad (140ms)
				ProcessInitializeOnLoadAttributes (420ms)
				ProcessInitializeOnLoadMethodAttributes (6ms)
				AfterProcessingInitializeOnLoad (6ms)
				EditorAssembliesLoaded (0ms)
			ExecutionOrderSort2 (0ms)
			AwakeInstancesAfterBackupRestoration (10ms)
Platform modules already initialized, skipping
========================================================================
Worker process is ready to serve import requests
Launched and connected shader compiler UnityShaderCompiler.exe after 0.19 seconds
Refreshing native plugins compatible for Editor in 0.75 ms, found 2 plugins.
Preloading 0 native plugins for Editor in 0.00 ms.
Unloading 2721 Unused Serialized files (Serialized files now loaded: 0)
System memory in use before: 125.7 MB.
System memory in use after: 125.9 MB.

Unloading 17 unused Assets to reduce memory usage. Loaded Objects now: 3164.
Total: 3.753200 ms (FindLiveObjects: 0.306100 ms CreateObjectMapping: 0.151600 ms MarkObjects: 3.202500 ms  DeleteObjects: 0.091800 ms)

AssetImportParameters requested are different than current active one (requested -> active):
  custom:framework-win-MediaFoundation: 216162199b28c13a410421893ffa2e32 -> 
  custom:video-decoder-ogg-theora: a1e56fd34408186e4bbccfd4996cb3dc -> 
  custom:container-muxer-webm: aa71ff27fc2769a1b78a27578f13a17b -> 
  custom:container-demuxer-webm: 4f35f7cbe854078d1ac9338744f61a02 -> 
  custom:container-demuxer-ogg: 62fdf1f143b41e24485cea50d1cbac27 -> 
  custom:video-encoder-webm-vp8: eb34c28f22e8b96e1ab97ce403110664 -> 
  custom:video-decoder-webm-vp8: 9c59270c3fd7afecdb556c50c9e8de78 -> 
  custom:audio-decoder-ogg-vorbis: bf7c407c2cedff20999df2af8eb42d56 -> 
  custom:audio-encoder-webm-vorbis: bf7c407c2cedff20999df2af8eb42d56 -> 
========================================================================
Received Import Request.
  path: Assets/Scripts/Settings/Mars.asset
  artifactKey: Guid(6fa3b4375f5074e44abddd9e05232a1b) Importer(815301076,1909f56bfc062723c751e8b465ee728b)
Start importing Assets/Scripts/Settings/Mars.asset using Guid(6fa3b4375f5074e44abddd9e05232a1b) Importer(815301076,1909f56bfc062723c751e8b465ee728b)  -> (artifact id: 'dee81e3d4ecb49c85a618eb816c45c29') in 0.075975 seconds 
  Import took 0.089160 seconds .

========================================================================
Received Import Request.
  Time since last request: 5.857532 seconds.
  path: Assets/Scripts/Settings/Mars Shape.asset
  artifactKey: Guid(2fba012a8621ce24791f6bec5d97f8b2) Importer(815301076,1909f56bfc062723c751e8b465ee728b)
Start importing Assets/Scripts/Settings/Mars Shape.asset using Guid(2fba012a8621ce24791f6bec5d97f8b2) Importer(815301076,1909f56bfc062723c751e8b465ee728b)  -> (artifact id: 'eea41f3ca2cb5f01ad031d22a4e43e17') in 0.049744 seconds 
  Import took 0.079740 seconds .

========================================================================
Received Import Request.
  Time since last request: 9.900797 seconds.
  path: Assets/Scripts/Settings/Mars Color.asset
  artifactKey: Guid(6fa3b4375f5074e44abddd9e05232a1b) Importer(815301076,1909f56bfc062723c751e8b465ee728b)
Start importing Assets/Scripts/Settings/Mars Color.asset using Guid(6fa3b4375f5074e44abddd9e05232a1b) Importer(815301076,1909f56bfc062723c751e8b465ee728b)  -> (artifact id: 'c95da1f31ad1d7c22db9711238c011e9') in 0.010859 seconds 
  Import took 0.020700 seconds .

========================================================================
Received Import Request.
  Time since last request: 48.848956 seconds.
  path: Assets/Scripts/Settings/Mars Color.asset
  artifactKey: Guid(6fa3b4375f5074e44abddd9e05232a1b) Importer(815301076,1909f56bfc062723c751e8b465ee728b)
Start importing Assets/Scripts/Settings/Mars Color.asset using Guid(6fa3b4375f5074e44abddd9e05232a1b) Importer(815301076,1909f56bfc062723c751e8b465ee728b)  -> (artifact id: '9c0196a3859dd3afa768ff91c88e523a') in 0.007874 seconds 
  Import took 0.023744 seconds .

========================================================================
Received Import Request.
  Time since last request: 1317.013170 seconds.
  path: Assets/Scripts/ColorGenerator.cs
  artifactKey: Guid(98dc3565a9e60aa45be31f9bc212e3da) Importer(815301076,1909f56bfc062723c751e8b465ee728b)
Start importing Assets/Scripts/ColorGenerator.cs using Guid(98dc3565a9e60aa45be31f9bc212e3da) Importer(815301076,1909f56bfc062723c751e8b465ee728b)  -> (artifact id: 'ccda62c9d5c7bee4a26c71ba7a0df23c') in 0.025736 seconds 
  Import took 0.038132 seconds .

========================================================================
Received Import Request.
  Time since last request: 1974.752101 seconds.
  path: Assets/images.jpg
  artifactKey: Guid(8dc29281611afa64e90bd902ec578845) Importer(815301076,1909f56bfc062723c751e8b465ee728b)
Start importing Assets/images.jpg using Guid(8dc29281611afa64e90bd902ec578845) Importer(815301076,1909f56bfc062723c751e8b465ee728b)  -> (artifact id: 'ef1b13b7590415d363727f2c8f732872') in 0.891944 seconds 
  Import took 0.966011 seconds .

========================================================================
Received Import Request.
  Time since last request: 215.362469 seconds.
  path: Assets/Animation
  artifactKey: Guid(dd843fd57e3030048b53a6c68f784b5c) Importer(815301076,1909f56bfc062723c751e8b465ee728b)
Start importing Assets/Animation using Guid(dd843fd57e3030048b53a6c68f784b5c) Importer(815301076,1909f56bfc062723c751e8b465ee728b)  -> (artifact id: 'f23d661114559afb37d910947c0237e9') in 0.055197 seconds 
  Import took 0.065246 seconds .

AssetImportWorkerClient::OnTransportError - code=2 error=End of file
